# just installed arch minimal

# installing hyprland WM.
sudo pacman -S  hyprland hyprpaper  rofi swww waybar

# installing fonts
sudo pacman -S noto-fonts ttf-dejavu
sudo pacman -S ttf-0xproto-nerd ttf-nerd-fonts-symbols

# Bluettothctl
sudo pacman -S bluez bluez-utils
# sudo systemctl start bluetooth
# sudo systemctl enable bluetooth


# Screenshot
sudo pacman -S grim slurp



# installing terminals
sudo pacman -S terminator
sudo pacman -S alacritty zellij


# file manager
sudo pacman -S thunar


# AppImage
 sudo pacman -S fuse2


# Flatpak
# KernelLevel Config for flatpak
# sudo su
# nano /ect/sysctl.conf
# paste kernel.unprivileged_userns_clone=1
# sysctl -p

sudo pacman -S flatpak
# flatpak install flathub org.mozilla.firefox
# flatpak install flathub org.signal.Signal
# flatpak install flathub org.inkscape.Inkscape
# flatpak install flathub org.kde.okular


sudo pacman -S nano vim

sudo pacman -S neofetch

sudo pacman -S htop btop wget brightnessctl tree nload


# Editors/Ides and theirs deps
sudo pacman -S fd  wl-clipboard git less git-lfs neovim helix

# Vscode
sudo pacman -S code

# Node (Dependency of NeoVim)
# wget -qO- https://raw.githubusercontent.com/nvm-sh/nvm/v0.40.1/install.sh | bash
# nvm install node

# Installing RUST
# curl --proto '=https' --tlsv1.2 -sSf https://sh.rustup.rs | sh
# rustup component add rust-analyzer

# Install Clang and ClangD....
sudo pacman -S clang

# Zig & Zls
sudo pacman -S zig zls

# image viewer and Video Player..
sudo pacman -S ristretto
sudo pacman -S vlc

# Mpv
sudo pacman -S mpv

# OBS Studio
sudo pacman -S obs-studio pipewire pipewire-pulse xdg-desktop-portal-hyprland
pacman -S audacity


# Pactree - to see does any other package depends on certain package or not..
pacman -S pacman-contrib


# SSH
pacman -S openssh

#Gnu-Stow
pacman -S stow

# Pactree
pacman -S pactree

# RSync
pacman -S rsync


# Firewall
sudo pacman -S ufw

# Basic Calculator (Cli)
sudo pacman -S bc 
